C51 COMPILER V9.54   I2C                                                                   09/18/2024 15:42:32 PAGE 1   


C51 COMPILER V9.54, COMPILATION OF MODULE I2C
OBJECT MODULE PLACED IN .\Objects\I2C.obj
COMPILER INVOKED BY: C:\Keil_v5\C51\BIN\C51.EXE I2C.c OPTIMIZE(8,SPEED) BROWSE DEBUG OBJECTEXTEND PRINT(.\Listings\I2C.l
                    -st) TABS(2) OBJECT(.\Objects\I2C.obj)

line level    source

   1          #include "i2c.h"
*** WARNING C318 IN LINE 5 OF i2c.h: can't open file 'stdint.h'
   2          
   3          static void (*receiveCallback)(uint8_t) = 0; // 接收回调函数指针
   4          
   5          // 初始化I2C
   6          void I2C_init() {
   7   1          SCL = 1; // 设置SCL高
   8   1          SDA = 1; // 设置SDA高
   9   1      }
  10          
  11          // I2C等待函数
  12          void I2C_wait() {
  13   1          while (SDA == 1); // 等待SDA为低
  14   1      }
  15          
  16          // 发送ACK信号
  17          void I2C_sendAck() {
  18   1          SDA = 0; // 发送ACK
  19   1          SCL = 1; // 拉高SCL
  20   1          SCL = 0; // 拉低SCL
  21   1          SDA = 1; // 恢复SDA高
  22   1      }
  23          
  24          // 发送NACK信号
  25          void I2C_sendNack() {
  26   1          SDA = 1; // 发送NACK
  27   1          SCL = 1; // 拉高SCL
  28   1          SCL = 0; // 拉低SCL
  29   1      }
  30          
  31          // 接收一个字节
  32          uint8_t I2C_receiveByte() {
*** ERROR C129 IN LINE 32 OF I2C.c: missing ';' before 'I2C_receiveByte'
  33              uint8_t byte = 0;
  34              for (int i = 0; i < 8; i++) {
  35                  SCL = 1; // 拉高SCL
  36                  byte <<= 1; // 左移一位
  37                  if (SDA) {
  38                      byte |= 1; // 如果SDA为高，设置最低位
  39                  }
  40                  SCL = 0; // 拉低SCL
  41              }
  42              return byte;
  43          }
  44          
  45          // I2C从机循环处理
  46          void I2C_loop() {
  47              I2C_wait(); // 等待开始信号
  48              if (SDA == 0) {
  49                  I2C_wait(); // 等待停止信号
  50                  uint8_t address = I2C_receiveByte(); // 接收地址
  51                  if ((address & 0xF0) == (I2C_ADDRESS & 0xF0)) { // 判断地址
  52                      I2C_sendAck(); // 发送ACK
C51 COMPILER V9.54   I2C                                                                   09/18/2024 15:42:32 PAGE 2   

  53                      uint8_t data = I2C_receiveByte(); // 接收数据
  54                      // 调用接收回调函数处理数据
  55                      if (receiveCallback) {
  56                          receiveCallback(data);
  57                      }
  58                      I2C_sendNack(); // 发送NACK
  59                  }
  60              }
  61          }
  62          
  63          // 注册接收回调函数
  64          void I2C_setReceiveCallback(void (*callback)(uint8_t)) {
  65              receiveCallback = callback;
  66          }

C51 COMPILATION COMPLETE.  1 WARNING(S),  1 ERROR(S)
